#
# There is insufficient memory for the Java Runtime Environment to continue.
# Native memory allocation (malloc) failed to allocate 295504 bytes for Chunk::new
# Possible reasons:
#   The system is out of physical RAM or swap space
#   In 32 bit mode, the process size limit was hit
# Possible solutions:
#   Reduce memory load on the system
#   Increase physical memory or swap space
#   Check if swap backing store is full
#   Use 64 bit Java on a 64 bit OS
#   Decrease Java heap size (-Xmx/-Xms)
#   Decrease number of Java threads
#   Decrease Java thread stack sizes (-Xss)
#   Set larger code cache with -XX:ReservedCodeCacheSize=
# This output file may be truncated or incomplete.
#
#  Out of Memory Error (allocation.cpp:390), pid=9080, tid=0x00000000000023fc
#
# JRE version: Java(TM) SE Runtime Environment (8.0_191-b12) (build 1.8.0_191-b12)
# Java VM: Java HotSpot(TM) 64-Bit Server VM (25.191-b12 mixed mode windows-amd64 compressed oops)
# Failed to write core dump. Minidumps are not enabled by default on client versions of Windows
#

---------------  T H R E A D  ---------------

Current thread (0x0000000002af6000):  JavaThread "main" [_thread_in_native, id=9212, stack(0x00000000029e0000,0x0000000002ae0000)]

Stack: [0x00000000029e0000,0x0000000002ae0000]
[error occurred during error reporting (printing stack bounds), id 0xc0000005]

Native frames: (J=compiled Java code, j=interpreted, Vv=VM code, C=native code)

Java frames: (J=compiled Java code, j=interpreted, Vv=VM code)
J 608  java.lang.Class.forName0(Ljava/lang/String;ZLjava/lang/ClassLoader;Ljava/lang/Class;)Ljava/lang/Class; (0 bytes) @ 0x0000000002e9e3c7 [0x0000000002e9e340+0x87]
J 752 C1 java.lang.Class.forName(Ljava/lang/String;ZLjava/lang/ClassLoader;)Ljava/lang/Class; (53 bytes) @ 0x0000000002ee24ac [0x0000000002ee2380+0x12c]
j  sun.nio.cs.AbstractCharsetProvider.lookup(Ljava/lang/String;)Ljava/nio/charset/Charset;+86
j  sun.nio.cs.AbstractCharsetProvider.charsetForName(Ljava/lang/String;)Ljava/nio/charset/Charset;+14
j  java.nio.charset.Charset.lookupExtendedCharset(Ljava/lang/String;)Ljava/nio/charset/Charset;+10
j  java.nio.charset.Charset.lookup2(Ljava/lang/String;)Ljava/nio/charset/Charset;+48
j  java.nio.charset.Charset.lookup(Ljava/lang/String;)Ljava/nio/charset/Charset;+40
j  java.nio.charset.Charset.forName(Ljava/lang/String;)Ljava/nio/charset/Charset;+1
j  com.mysql.cj.MysqlCharset.<init>(Ljava/lang/String;II[Ljava/lang/String;Lcom/mysql/cj/ServerVersion;)V+50
j  com.mysql.cj.CharsetMapping.<clinit>()V+251
v  ~StubRoutines::call_stub
j  com.mysql.cj.protocol.AuthenticationProvider.getCharsetForHandshake(Ljava/lang/String;Lcom/mysql/cj/ServerVersion;)B+8
j  com.mysql.cj.protocol.a.NativeAuthenticationProvider.proceedHandshakeWithPluggableAuthentication(Lcom/mysql/cj/protocol/ServerSession;Ljava/lang/String;Ljava/lang/String;Ljava/lang/String;Lcom/mysql/cj/protocol/a/NativePacketPayload;)V+1410
j  com.mysql.cj.protocol.a.NativeAuthenticationProvider.connect(Lcom/mysql/cj/protocol/ServerSession;Ljava/lang/String;Ljava/lang/String;Ljava/lang/String;)V+600
j  com.mysql.cj.protocol.a.NativeProtocol.connect(Ljava/lang/String;Ljava/lang/String;Ljava/lang/String;)V+15
j  com.mysql.cj.NativeSession.connect(Lcom/mysql/cj/conf/HostInfo;Ljava/lang/String;Ljava/lang/String;Ljava/lang/String;ILcom/mysql/cj/TransactionEventHandler;)V+110
j  com.mysql.cj.jdbc.ConnectionImpl.connectOneTryOnly(Z)V+35
j  com.mysql.cj.jdbc.ConnectionImpl.createNewIO(Z)V+27
j  com.mysql.cj.jdbc.ConnectionImpl.<init>(Lcom/mysql/cj/conf/HostInfo;)V+815
j  com.mysql.cj.jdbc.ConnectionImpl.getInstance(Lcom/mysql/cj/conf/HostInfo;)Lcom/mysql/cj/jdbc/JdbcConnection;+5
j  com.mysql.cj.jdbc.NonRegisteringDriver.connect(Ljava/lang/String;Ljava/util/Properties;)Ljava/sql/Connection;+60
j  com.zaxxer.hikari.util.DriverDataSource.getConnection(Ljava/lang/String;Ljava/lang/String;)Ljava/sql/Connection;+61
j  com.zaxxer.hikari.pool.PoolBase.newConnection()Ljava/sql/Connection;+49
j  com.zaxxer.hikari.pool.PoolBase.newPoolEntry()Lcom/zaxxer/hikari/pool/PoolEntry;+5
j  com.zaxxer.hikari.pool.HikariPool.createPoolEntry()Lcom/zaxxer/hikari/pool/PoolEntry;+1
j  com.zaxxer.hikari.pool.HikariPool.checkFailFast()V+20
j  com.zaxxer.hikari.pool.HikariPool.<init>(Lcom/zaxxer/hikari/HikariConfig;)V+128
j  com.zaxxer.hikari.HikariDataSource.getConnection()Ljava/sql/Connection;+100
j  org.springframework.jdbc.datasource.DataSourceUtils.fetchConnection(Ljavax/sql/DataSource;)Ljava/sql/Connection;+1
j  org.springframework.jdbc.datasource.DataSourceUtils.doGetConnection(Ljavax/sql/DataSource;)Ljava/sql/Connection;+77
j  org.springframework.jdbc.datasource.DataSourceUtils.getConnection(Ljavax/sql/DataSource;)Ljava/sql/Connection;+1
j  org.springframework.jdbc.support.JdbcUtils.extractDatabaseMetaData(Ljavax/sql/DataSource;Lorg/springframework/jdbc/support/DatabaseMetaDataCallback;)Ljava/lang/Object;+3
j  org.springframework.jdbc.support.JdbcUtils.extractDatabaseMetaData(Ljavax/sql/DataSource;Ljava/lang/String;)Ljava/lang/Object;+7
j  org.springframework.boot.autoconfigure.orm.jpa.DatabaseLookup.getDatabase(Ljavax/sql/DataSource;)Lorg/springframework/orm/jpa/vendor/Database;+11
j  org.springframework.boot.autoconfigure.orm.jpa.JpaProperties.determineDatabase(Ljavax/sql/DataSource;)Lorg/springframework/orm/jpa/vendor/Database;+13
j  org.springframework.boot.autoconfigure.orm.jpa.JpaBaseConfiguration.jpaVendorAdapter()Lorg/springframework/orm/jpa/JpaVendorAdapter;+25
j  org.springframework.boot.autoconfigure.orm.jpa.HibernateJpaConfiguration$$EnhancerBySpringCGLIB$$be09d46b.CGLIB$jpaVendorAdapter$5()Lorg/springframework/orm/jpa/JpaVendorAdapter;+1
j  org.springframework.boot.autoconfigure.orm.jpa.HibernateJpaConfiguration$$EnhancerBySpringCGLIB$$be09d46b$$FastClassBySpringCGLIB$$76a1bc77.invoke(ILjava/lang/Object;[Ljava/lang/Object;)Ljava/lang/Object;+194
j  org.springframework.cglib.proxy.MethodProxy.invokeSuper(Ljava/lang/Object;[Ljava/lang/Object;)Ljava/lang/Object;+19
j  org.springframework.context.annotation.ConfigurationClassEnhancer$BeanMethodInterceptor.intercept(Ljava/lang/Object;Ljava/lang/reflect/Method;[Ljava/lang/Object;Lorg/springframework/cglib/proxy/MethodProxy;)Ljava/lang/Object;+207
j  org.springframework.boot.autoconfigure.orm.jpa.HibernateJpaConfiguration$$EnhancerBySpringCGLIB$$be09d46b.jpaVendorAdapter()Lorg/springframework/orm/jpa/JpaVendorAdapter;+31
v  ~StubRoutines::call_stub
J 2086  sun.reflect.NativeMethodAccessorImpl.invoke0(Ljava/lang/reflect/Method;Ljava/lang/Object;[Ljava/lang/Object;)Ljava/lang/Object; (0 bytes) @ 0x000000000314bdbf [0x000000000314bd40+0x7f]
J 2085 C1 sun.reflect.NativeMethodAccessorImpl.invoke(Ljava/lang/Object;[Ljava/lang/Object;)Ljava/lang/Object; (104 bytes) @ 0x000000000314c51c [0x000000000314c1a0+0x37c]
J 1499 C1 sun.reflect.DelegatingMethodAccessorImpl.invoke(Ljava/lang/Object;[Ljava/lang/Object;)Ljava/lang/Object; (10 bytes) @ 0x0000000003019564 [0x0000000003019520+0x44]
J 1498 C1 java.lang.reflect.Method.invoke(Ljava/lang/Object;[Ljava/lang/Object;)Ljava/lang/Object; (62 bytes) @ 0x0000000003019194 [0x00000000030190a0+0xf4]
j  org.springframework.beans.factory.support.SimpleInstantiationStrategy.instantiate(Lorg/springframework/beans/factory/support/RootBeanDefinition;Ljava/lang/String;Lorg/springframework/beans/factory/BeanFactory;Ljava/lang/Object;Ljava/lang/reflect/Method;[Ljava/lang/Object;)Ljava/lang/Object;+50
j  org.springframework.beans.factory.support.ConstructorResolver.instantiate(Ljava/lang/String;Lorg/springframework/beans/factory/support/RootBeanDefinition;Ljava/lang/Object;Ljava/lang/reflect/Method;[Ljava/lang/Object;)Ljava/lang/Object;+48
j  org.springframework.beans.factory.support.ConstructorResolver.instantiateUsingFactoryMethod(Ljava/lang/String;Lorg/springframework/beans/factory/support/RootBeanDefinition;[Ljava/lang/Object;)Lorg/springframework/beans/BeanWrapper;+439
j  org.springframework.beans.factory.support.AbstractAutowireCapableBeanFactory.instantiateUsingFactoryMethod(Ljava/lang/String;Lorg/springframework/beans/factory/support/RootBeanDefinition;[Ljava/lang/Object;)Lorg/springframework/beans/BeanWrapper;+11
j  org.springframework.beans.factory.support.AbstractAutowireCapableBeanFactory.createBeanInstance(Ljava/lang/String;Lorg/springframework/beans/factory/support/RootBeanDefinition;[Ljava/lang/Object;)Lorg/springframework/beans/BeanWrapper;+101
j  org.springframework.beans.factory.support.AbstractAutowireCapableBeanFactory.doCreateBean(Ljava/lang/String;Lorg/springframework/beans/factory/support/RootBeanDefinition;[Ljava/lang/Object;)Ljava/lang/Object;+34
j  org.springframework.beans.factory.support.AbstractAutowireCapableBeanFactory.createBean(Ljava/lang/String;Lorg/springframework/beans/factory/support/RootBeanDefinition;[Ljava/lang/Object;)Ljava/lang/Object;+169
j  org.springframework.beans.factory.support.AbstractBeanFactory.lambda$doGetBean$0(Ljava/lang/String;Lorg/springframework/beans/factory/support/RootBeanDefinition;[Ljava/lang/Object;)Ljava/lang/Object;+4
j  org.springframework.beans.factory.support.AbstractBeanFactory$$Lambda$101.getObject()Ljava/lang/Object;+16
j  org.springframework.beans.factory.support.DefaultSingletonBeanRegistry.getSingleton(Ljava/lang/String;Lorg/springframework/beans/factory/ObjectFactory;)Ljava/lang/Object;+132
J 1980 C1 org.springframework.beans.factory.support.AbstractBeanFactory.doGetBean(Ljava/lang/String;Ljava/lang/Class;[Ljava/lang/Object;Z)Ljava/lang/Object; (833 bytes) @ 0x000000000311fb0c [0x000000000311f540+0x5cc]
j  org.springframework.beans.factory.support.AbstractBeanFactory.getBean(Ljava/lang/String;)Ljava/lang/Object;+5
j  org.springframework.beans.factory.config.DependencyDescriptor.resolveCandidate(Ljava/lang/String;Ljava/lang/Class;Lorg/springframework/beans/factory/BeanFactory;)Ljava/lang/Object;+2
j  org.springframework.beans.factory.support.DefaultListableBeanFactory.doResolveDependency(Lorg/springframework/beans/factory/config/DependencyDescriptor;Ljava/lang/String;Ljava/util/Set;Lorg/springframework/beans/TypeConverter;)Ljava/lang/Object;+440
j  org.springframework.beans.factory.support.DefaultListableBeanFactory.resolveDependency(Lorg/springframework/beans/factory/config/DependencyDescriptor;Ljava/lang/String;Ljava/util/Set;Lorg/springframework/beans/TypeConverter;)Ljava/lang/Object;+108
j  org.springframework.beans.factory.support.ConstructorResolver.resolveAutowiredArgument(Lorg/springframework/core/MethodParameter;Ljava/lang/String;Ljava/util/Set;Lorg/springframework/beans/TypeConverter;Z)Ljava/lang/Object;+79
j  org.springframework.beans.factory.support.ConstructorResolver.createArgumentArray(Ljava/lang/String;Lorg/springframework/beans/factory/support/RootBeanDefinition;Lorg/springframework/beans/factory/config/ConstructorArgumentValues;Lorg/springframework/beans/BeanWrapper;[Ljava/lang/Class;[Ljava/lang/String;Ljava/lang/reflect/Executable;ZZ)Lorg/springframework/beans/factory/support/ConstructorResolver$ArgumentsHolder;+434
j  org.springframework.beans.factory.support.ConstructorResolver.instantiateUsingFactoryMethod(Ljava/lang/String;Lorg/springframework/beans/factory/support/RootBeanDefinition;[Ljava/lang/Object;)Lorg/springframework/beans/BeanWrapper;+674
j  org.springframework.beans.factory.support.AbstractAutowireCapableBeanFactory.instantiateUsingFactoryMethod(Ljava/lang/String;Lorg/springframework/beans/factory/support/RootBeanDefinition;[Ljava/lang/Object;)Lorg/springframework/beans/BeanWrapper;+11
j  org.springframework.beans.factory.support.AbstractAutowireCapableBeanFactory.createBeanInstance(Ljava/lang/String;Lorg/springframework/beans/factory/support/RootBeanDefinition;[Ljava/lang/Object;)Lorg/springframework/beans/BeanWrapper;+101
j  org.springframework.beans.factory.support.AbstractAutowireCapableBeanFactory.doCreateBean(Ljava/lang/String;Lorg/springframework/beans/factory/support/RootBeanDefinition;[Ljava/lang/Object;)Ljava/lang/Object;+34
j  org.springframework.beans.factory.support.AbstractAutowireCapableBeanFactory.createBean(Ljava/lang/String;Lorg/springframework/beans/factory/support/RootBeanDefinition;[Ljava/lang/Object;)Ljava/lang/Object;+169
j  org.springframework.beans.factory.support.AbstractBeanFactory.lambda$doGetBean$0(Ljava/lang/String;Lorg/springframework/beans/factory/support/RootBeanDefinition;[Ljava/lang/Object;)Ljava/lang/Object;+4
j  org.springframework.beans.factory.support.AbstractBeanFactory$$Lambda$101.getObject()Ljava/lang/Object;+16
j  org.springframework.beans.factory.support.DefaultSingletonBeanRegistry.getSingleton(Ljava/lang/String;Lorg/springframework/beans/factory/ObjectFactory;)Ljava/lang/Object;+132
J 1980 C1 org.springframework.beans.factory.support.AbstractBeanFactory.doGetBean(Ljava/lang/String;Ljava/lang/Class;[Ljava/lang/Object;Z)Ljava/lang/Object; (833 bytes) @ 0x000000000311fb0c [0x000000000311f540+0x5cc]
j  org.springframework.beans.factory.support.AbstractBeanFactory.getBean(Ljava/lang/String;)Ljava/lang/Object;+5
j  org.springframework.beans.factory.config.DependencyDescriptor.resolveCandidate(Ljava/lang/String;Ljava/lang/Class;Lorg/springframework/beans/factory/BeanFactory;)Ljava/lang/Object;+2
j  org.springframework.beans.factory.support.DefaultListableBeanFactory.doResolveDependency(Lorg/springframework/beans/factory/config/DependencyDescriptor;Ljava/lang/String;Ljava/util/Set;Lorg/springframework/beans/TypeConverter;)Ljava/lang/Object;+440
j  org.springframework.beans.factory.support.DefaultListableBeanFactory.resolveDependency(Lorg/springframework/beans/factory/config/DependencyDescriptor;Ljava/lang/String;Ljava/util/Set;Lorg/springframework/beans/TypeConverter;)Ljava/lang/Object;+108
j  org.springframework.beans.factory.support.ConstructorResolver.resolveAutowiredArgument(Lorg/springframework/core/MethodParameter;Ljava/lang/String;Ljava/util/Set;Lorg/springframework/beans/TypeConverter;Z)Ljava/lang/Object;+79
j  org.springframework.beans.factory.support.ConstructorResolver.createArgumentArray(Ljava/lang/String;Lorg/springframework/beans/factory/support/RootBeanDefinition;Lorg/springframework/beans/factory/config/ConstructorArgumentValues;Lorg/springframework/beans/BeanWrapper;[Ljava/lang/Class;[Ljava/lang/String;Ljava/lang/reflect/Executable;ZZ)Lorg/springframework/beans/factory/support/ConstructorResolver$ArgumentsHolder;+434
j  org.springframework.beans.factory.support.ConstructorResolver.instantiateUsingFactoryMethod(Ljava/lang/String;Lorg/springframework/beans/factory/support/RootBeanDefinition;[Ljava/lang/Object;)Lorg/springframework/beans/BeanWrapper;+674
j  org.springframework.beans.factory.support.AbstractAutowireCapableBeanFactory.instantiateUsingFactoryMethod(Ljava/lang/String;Lorg/springframework/beans/factory/support/RootBeanDefinition;[Ljava/lang/Object;)Lorg/springframework/beans/BeanWrapper;+11
j  org.springframework.beans.factory.support.AbstractAutowireCapableBeanFactory.createBeanInstance(Ljava/lang/String;Lorg/springframework/beans/factory/support/RootBeanDefinition;[Ljava/lang/Object;)Lorg/springframework/beans/BeanWrapper;+101
j  org.springframework.beans.factory.support.AbstractAutowireCapableBeanFactory.doCreateBean(Ljava/lang/String;Lorg/springframework/beans/factory/support/RootBeanDefinition;[Ljava/lang/Object;)Ljava/lang/Object;+34
j  org.springframework.beans.factory.support.AbstractAutowireCapableBeanFactory.createBean(Ljava/lang/String;Lorg/springframework/beans/factory/support/RootBeanDefinition;[Ljava/lang/Object;)Ljava/lang/Object;+169
j  org.springframework.beans.factory.support.AbstractBeanFactory.lambda$doGetBean$0(Ljava/lang/String;Lorg/springframework/beans/factory/support/RootBeanDefinition;[Ljava/lang/Object;)Ljava/lang/Object;+4
j  org.springframework.beans.factory.support.AbstractBeanFactory$$Lambda$101.getObject()Ljava/lang/Object;+16
j  org.springframework.beans.factory.support.DefaultSingletonBeanRegistry.getSingleton(Ljava/lang/String;Lorg/springframework/beans/factory/ObjectFactory;)Ljava/lang/Object;+132
J 1980 C1 org.springframework.beans.factory.support.AbstractBeanFactory.doGetBean(Ljava/lang/String;Ljava/lang/Class;[Ljava/lang/Object;Z)Ljava/lang/Object; (833 bytes) @ 0x000000000311fb0c [0x000000000311f540+0x5cc]
j  org.springframework.beans.factory.support.AbstractBeanFactory.getBean(Ljava/lang/String;)Ljava/lang/Object;+5
j  org.springframework.context.support.AbstractApplicationContext.getBean(Ljava/lang/String;)Ljava/lang/Object;+9
j  org.springframework.context.support.AbstractApplicationContext.finishBeanFactoryInitialization(Lorg/springframework/beans/factory/config/ConfigurableListableBeanFactory;)V+100
j  org.springframework.context.support.AbstractApplicationContext.refresh()V+54
j  org.springframework.boot.web.servlet.context.ServletWebServerApplicationContext.refresh()V+1
j  org.springframework.boot.SpringApplication.refresh(Lorg/springframework/context/ApplicationContext;)V+10
j  org.springframework.boot.SpringApplication.refreshContext(Lorg/springframework/context/ConfigurableApplicationContext;)V+2
j  org.springframework.boot.SpringApplication.run([Ljava/lang/String;)Lorg/springframework/context/ConfigurableApplicationContext;+118
j  org.springframework.boot.SpringApplication.run([Ljava/lang/Class;[Ljava/lang/String;)Lorg/springframework/context/ConfigurableApplicationContext;+9
j  org.springframework.boot.SpringApplication.run(Ljava/lang/Class;[Ljava/lang/String;)Lorg/springframework/context/ConfigurableApplicationContext;+9
j  Io.moviesgroupe.movieinfoservice.MovieInfoServiceApplication.main([Ljava/lang/String;)V+3
v  ~StubRoutines::call_stub

---------------  P R O C E S S  ---------------

Java Threads: ( => current thread )
  0x0000000017928000 JavaThread "mysql-cj-abandoned-connection-cleanup" daemon [_thread_blocked, id=8508, stack(0x000000001ac70000,0x000000001ad70000)]
  0x0000000016d57000 JavaThread "container-0" [_thread_blocked, id=3632, stack(0x000000001ab70000,0x000000001ac70000)]
  0x0000000017910800 JavaThread "Catalina-utility-2" [_thread_blocked, id=5024, stack(0x000000001aa70000,0x000000001ab70000)]
  0x0000000016f0e800 JavaThread "Catalina-utility-1" [_thread_blocked, id=3804, stack(0x000000001a970000,0x000000001aa70000)]
  0x000000001775d800 JavaThread "RMI TCP Accept-0" daemon [_thread_in_native, id=5240, stack(0x0000000017eb0000,0x0000000017fb0000)]
  0x0000000017757800 JavaThread "RMI TCP Accept-52697" daemon [_thread_in_native, id=7932, stack(0x0000000017db0000,0x0000000017eb0000)]
  0x000000001774b000 JavaThread "RMI TCP Accept-0" daemon [_thread_in_native, id=7264, stack(0x0000000017110000,0x0000000017210000)]
  0x0000000016c48800 JavaThread "Service Thread" daemon [_thread_blocked, id=8924, stack(0x0000000017010000,0x0000000017110000)]
  0x00000000152fc000 JavaThread "C1 CompilerThread2" daemon [_thread_blocked, id=6260, stack(0x0000000016b10000,0x0000000016c10000)]
  0x00000000152f4000 JavaThread "C2 CompilerThread1" daemon [_thread_blocked, id=6988, stack(0x0000000016a10000,0x0000000016b10000)]
  0x00000000152e7000 JavaThread "C2 CompilerThread0" daemon [_thread_blocked, id=5248, stack(0x0000000016910000,0x0000000016a10000)]
  0x00000000152e5800 JavaThread "Attach Listener" daemon [_thread_blocked, id=8100, stack(0x0000000016810000,0x0000000016910000)]
  0x00000000152e2800 JavaThread "Signal Dispatcher" daemon [_thread_blocked, id=8680, stack(0x0000000016710000,0x0000000016810000)]
  0x0000000002bed800 JavaThread "Finalizer" daemon [_thread_blocked, id=5232, stack(0x0000000016530000,0x0000000016630000)]
  0x0000000002be4000 JavaThread "Reference Handler" daemon [_thread_blocked, id=8116, stack(0x0000000016430000,0x0000000016530000)]
=>0x0000000002af6000 JavaThread "main" [_thread_in_native, id=9212, stack(0x00000000029e0000,0x0000000002ae0000)]

Other Threads:
  0x00000000152a7800 VMThread [stack: 0x0000000016330000,0x0000000016430000] [id=7868]
  0x0000000017760800 WatcherThread [stack: 0x0000000017fb0000,0x00000000180b0000] [id=8764]

VM state:not at safepoint (normal execution)

VM Mutex/Monitor currently owned by a thread: None

Heap:
 PSYoungGen      total 61440K, used 10531K [0x00000000eb000000, 0x00000000ef280000, 0x0000000100000000)
  eden space 54784K, 19% used [0x00000000eb000000,0x00000000eba48f10,0x00000000ee580000)
  from space 6656K, 0% used [0x00000000ee580000,0x00000000ee580000,0x00000000eec00000)
  to   space 6656K, 0% used [0x00000000eec00000,0x00000000eec00000,0x00000000ef280000)
 ParOldGen       total 31744K, used 13119K [0x00000000c1000000, 0x00000000c2f00000, 0x00000000eb000000)
  object space 31744K, 41% used [0x00000000c1000000,0x00000000c1ccfc50,0x00000000c2f00000)
 Metaspace       used 30981K, capacity 32512K, committed 32768K, reserved 1087488K
  class space    used 4180K, capacity 4493K, committed 4608K, reserved 1048576K

Card table byte_map: [0x0000000012070000,0x0000000012270000] byte_map_base: 0x0000000011a68000

Marking Bits: (ParMarkBitMap*) 0x00000000555d3e30
 Begin Bits: [0x00000000127c0000, 0x0000000013780000)
 End Bits:   [0x0000000013780000, 0x0000000014740000)

Polling page: 0x0000000001250000

CodeCache: size=245760Kb used=6378Kb max_used=6378Kb free=239381Kb
 bounds [0x0000000002cb0000, 0x00000000032f0000, 0x0000000011cb0000]
 total_blobs=3401 nmethods=2961 adapters=351
 compilation: enabled

Compilation events (10 events):
Event: 50.131 Thread 0x00000000152fc000 2958       1       com.mysql.cj.conf.AbstractPropertyDefinition::getName (5 bytes)
Event: 50.132 Thread 0x00000000152fc000 nmethod 2958 0x00000000032e7d90 code [0x00000000032e7ee0, 0x00000000032e7ff0]
Event: 53.030 Thread 0x00000000152fc000 2959   !   1       com.mysql.cj.conf.DefaultPropertySet::getProperty (52 bytes)
Event: 53.031 Thread 0x00000000152fc000 nmethod 2959 0x00000000032e98d0 code [0x00000000032e9a80, 0x00000000032e9e18]
Event: 53.425 Thread 0x00000000152fc000 2960       1       java.util.TreeMap::rotateLeft (96 bytes)
Event: 53.426 Thread 0x00000000152fc000 nmethod 2960 0x00000000032ea050 code [0x00000000032ea1a0, 0x00000000032ea3d0]
Event: 53.426 Thread 0x00000000152fc000 2961       1       java.util.TreeMap::rotateRight (96 bytes)
Event: 53.426 Thread 0x00000000152fc000 nmethod 2961 0x00000000032ea4d0 code [0x00000000032ea620, 0x00000000032ea850]
Event: 53.426 Thread 0x00000000152fc000 2962       1       sun.nio.cs.AbstractCharsetProvider::put (20 bytes)
Event: 53.426 Thread 0x00000000152fc000 nmethod 2962 0x00000000032ea950 code [0x00000000032eaac0, 0x00000000032eac38]

GC Heap History (10 events):
Event: 3.344 GC heap before
{Heap before GC invocations=9 (full 1):
 PSYoungGen      total 35328K, used 35198K [0x00000000eb000000, 0x00000000ef280000, 0x0000000100000000)
  eden space 32768K, 100% used [0x00000000eb000000,0x00000000ed000000,0x00000000ed000000)
  from space 2560K, 94% used [0x00000000ed000000,0x00000000ed25fbf0,0x00000000ed280000)
  to   space 6656K, 0% used [0x00000000eec00000,0x00000000eec00000,0x00000000ef280000)
 ParOldGen       total 31744K, used 6367K [0x00000000c1000000, 0x00000000c2f00000, 0x00000000eb000000)
  object space 31744K, 20% used [0x00000000c1000000,0x00000000c1637f10,0x00000000c2f00000)
 Metaspace       used 21527K, capacity 22188K, committed 22400K, reserved 1069056K
  class space    used 2920K, capacity 3115K, committed 3200K, reserved 1048576K
Event: 3.349 GC heap after
Heap after GC invocations=9 (full 1):
 PSYoungGen      total 61440K, used 2641K [0x00000000eb000000, 0x00000000ef280000, 0x0000000100000000)
  eden space 54784K, 0% used [0x00000000eb000000,0x00000000eb000000,0x00000000ee580000)
  from space 6656K, 39% used [0x00000000eec00000,0x00000000eee94570,0x00000000ef280000)
  to   space 6656K, 0% used [0x00000000ee580000,0x00000000ee580000,0x00000000eec00000)
 ParOldGen       total 31744K, used 6375K [0x00000000c1000000, 0x00000000c2f00000, 0x00000000eb000000)
  object space 31744K, 20% used [0x00000000c1000000,0x00000000c1639f10,0x00000000c2f00000)
 Metaspace       used 21527K, capacity 22188K, committed 22400K, reserved 1069056K
  class space    used 2920K, capacity 3115K, committed 3200K, reserved 1048576K
}
Event: 4.114 GC heap before
{Heap before GC invocations=10 (full 1):
 PSYoungGen      total 61440K, used 57425K [0x00000000eb000000, 0x00000000ef280000, 0x0000000100000000)
  eden space 54784K, 100% used [0x00000000eb000000,0x00000000ee580000,0x00000000ee580000)
  from space 6656K, 39% used [0x00000000eec00000,0x00000000eee94570,0x00000000ef280000)
  to   space 6656K, 0% used [0x00000000ee580000,0x00000000ee580000,0x00000000eec00000)
 ParOldGen       total 31744K, used 6375K [0x00000000c1000000, 0x00000000c2f00000, 0x00000000eb000000)
  object space 31744K, 20% used [0x00000000c1000000,0x00000000c1639f10,0x00000000c2f00000)
 Metaspace       used 25416K, capacity 26498K, committed 26624K, reserved 1073152K
  class space    used 3508K, capacity 3750K, committed 3840K, reserved 1048576K
Event: 4.127 GC heap after
Heap after GC invocations=10 (full 1):
 PSYoungGen      total 61440K, used 6626K [0x00000000eb000000, 0x00000000ef280000, 0x0000000100000000)
  eden space 54784K, 0% used [0x00000000eb000000,0x00000000eb000000,0x00000000ee580000)
  from space 6656K, 99% used [0x00000000ee580000,0x00000000eebf8a00,0x00000000eec00000)
  to   space 6656K, 0% used [0x00000000eec00000,0x00000000eec00000,0x00000000ef280000)
 ParOldGen       total 31744K, used 7916K [0x00000000c1000000, 0x00000000c2f00000, 0x00000000eb000000)
  object space 31744K, 24% used [0x00000000c1000000,0x00000000c17bb040,0x00000000c2f00000)
 Metaspace       used 25416K, capacity 26498K, committed 26624K, reserved 1073152K
  class space    used 3508K, capacity 3750K, committed 3840K, reserved 1048576K
}
Event: 28.397 GC heap before
{Heap before GC invocations=11 (full 1):
 PSYoungGen      total 61440K, used 61353K [0x00000000eb000000, 0x00000000ef280000, 0x0000000100000000)
  eden space 54784K, 99% used [0x00000000eb000000,0x00000000ee571be0,0x00000000ee580000)
  from space 6656K, 99% used [0x00000000ee580000,0x00000000eebf8a00,0x00000000eec00000)
  to   space 6656K, 0% used [0x00000000eec00000,0x00000000eec00000,0x00000000ef280000)
 ParOldGen       total 31744K, used 7916K [0x00000000c1000000, 0x00000000c2f00000, 0x00000000eb000000)
  object space 31744K, 24% used [0x00000000c1000000,0x00000000c17bb040,0x00000000c2f00000)
 Metaspace       used 28268K, capacity 29694K, committed 29824K, reserved 1075200K
  class space    used 3863K, capacity 4154K, committed 4224K, reserved 1048576K
Event: 28.417 GC heap after
Heap after GC invocations=11 (full 1):
 PSYoungGen      total 61440K, used 6649K [0x00000000eb000000, 0x00000000ef280000, 0x0000000100000000)
  eden space 54784K, 0% used [0x00000000eb000000,0x00000000eb000000,0x00000000ee580000)
  from space 6656K, 99% used [0x00000000eec00000,0x00000000ef27e5e8,0x00000000ef280000)
  to   space 6656K, 0% used [0x00000000ee580000,0x00000000ee580000,0x00000000eec00000)
 ParOldGen       total 31744K, used 10411K [0x00000000c1000000, 0x00000000c2f00000, 0x00000000eb000000)
  object space 31744K, 32% used [0x00000000c1000000,0x00000000c1a2ae98,0x00000000c2f00000)
 Metaspace       used 28268K, capacity 29694K, committed 29824K, reserved 1075200K
  class space    used 3863K, capacity 4154K, committed 4224K, reserved 1048576K
}
Event: 44.274 GC heap before
{Heap before GC invocations=12 (full 1):
 PSYoungGen      total 61440K, used 33323K [0x00000000eb000000, 0x00000000ef280000, 0x0000000100000000)
  eden space 54784K, 48% used [0x00000000eb000000,0x00000000eca0c6f0,0x00000000ee580000)
  from space 6656K, 99% used [0x00000000eec00000,0x00000000ef27e5e8,0x00000000ef280000)
  to   space 6656K, 0% used [0x00000000ee580000,0x00000000ee580000,0x00000000eec00000)
 ParOldGen       total 31744K, used 10411K [0x00000000c1000000, 0x00000000c2f00000, 0x00000000eb000000)
  object space 31744K, 32% used [0x00000000c1000000,0x00000000c1a2ae98,0x00000000c2f00000)
 Metaspace       used 29450K, capacity 30972K, committed 30976K, reserved 1079296K
  class space    used 4032K, capacity 4351K, committed 4352K, reserved 1048576K
Event: 44.297 GC heap after
Heap after GC invocations=12 (full 1):
 PSYoungGen      total 61440K, used 1858K [0x00000000eb000000, 0x00000000ef280000, 0x0000000100000000)
  eden space 54784K, 0% used [0x00000000eb000000,0x00000000eb000000,0x00000000ee580000)
  from space 6656K, 27% used [0x00000000ee580000,0x00000000ee750b18,0x00000000eec00000)
  to   space 6656K, 0% used [0x00000000eec00000,0x00000000eec00000,0x00000000ef280000)
 ParOldGen       total 31744K, used 15168K [0x00000000c1000000, 0x00000000c2f00000, 0x00000000eb000000)
  object space 31744K, 47% used [0x00000000c1000000,0x00000000c1ed0280,0x00000000c2f00000)
 Metaspace       used 29450K, capacity 30972K, committed 30976K, reserved 1079296K
  class space    used 4032K, capacity 4351K, committed 4352K, reserved 1048576K
}
Event: 44.297 GC heap before
{Heap before GC invocations=13 (full 2):
 PSYoungGen      total 61440K, used 1858K [0x00000000eb000000, 0x00000000ef280000, 0x0000000100000000)
  eden space 54784K, 0% used [0x00000000eb000000,0x00000000eb000000,0x00000000ee580000)
  from space 6656K, 27% used [0x00000000ee580000,0x00000000ee750b18,0x00000000eec00000)
  to   space 6656K, 0% used [0x00000000eec00000,0x00000000eec00000,0x00000000ef280000)
 ParOldGen       total 31744K, used 15168K [0x00000000c1000000, 0x00000000c2f00000, 0x00000000eb000000)
  object space 31744K, 47% used [0x00000000c1000000,0x00000000c1ed0280,0x00000000c2f00000)
 Metaspace       used 29450K, capacity 30972K, committed 30976K, reserved 1079296K
  class space    used 4032K, capacity 4351K, committed 4352K, reserved 1048576K
Event: 44.418 GC heap after
Heap after GC invocations=13 (full 2):
 PSYoungGen      total 61440K, used 0K [0x00000000eb000000, 0x00000000ef280000, 0x0000000100000000)
  eden space 54784K, 0% used [0x00000000eb000000,0x00000000eb000000,0x00000000ee580000)
  from space 6656K, 0% used [0x00000000ee580000,0x00000000ee580000,0x00000000eec00000)
  to   space 6656K, 0% used [0x00000000eec00000,0x00000000eec00000,0x00000000ef280000)
 ParOldGen       total 31744K, used 13119K [0x00000000c1000000, 0x00000000c2f00000, 0x00000000eb000000)
  object space 31744K, 41% used [0x00000000c1000000,0x00000000c1ccfc50,0x00000000c2f00000)
 Metaspace       used 29450K, capacity 30972K, committed 30976K, reserved 1077248K
  class space    used 4032K, capacity 4351K, committed 4352K, reserved 1048576K
}

Deoptimization events (0 events):
No events

Classes redefined (0 events):
No events

Internal exceptions (10 events):
Event: 41.123 Thread 0x0000000002af6000 Implicit null exception at 0x000000000323360d to 0x0000000003233849
Event: 41.123 Thread 0x0000000002af6000 Exception <a 'java/lang/NullPointerException'> (0x00000000ec4793e8) thrown at [C:\re\workspace\8-2-build-windows-amd64-cygwin\jdk8u191\11896\hotspot\src\share\vm\runtime\sharedRuntime.cpp, line 605]
Event: 41.139 Thread 0x0000000002af6000 Exception <a 'java/lang/ArrayIndexOutOfBoundsException'> (0x00000000ec59fc78) thrown at [C:\re\workspace\8-2-build-windows-amd64-cygwin\jdk8u191\11896\hotspot\src\share\vm\runtime\sharedRuntime.cpp, line 605]
Event: 41.157 Thread 0x0000000002af6000 Exception <a 'java/lang/ArrayIndexOutOfBoundsException'> (0x00000000ec5e5738) thrown at [C:\re\workspace\8-2-build-windows-amd64-cygwin\jdk8u191\11896\hotspot\src\share\vm\runtime\sharedRuntime.cpp, line 605]
Event: 41.165 Thread 0x0000000002af6000 Exception <a 'java/lang/ArrayIndexOutOfBoundsException'> (0x00000000ec659a48) thrown at [C:\re\workspace\8-2-build-windows-amd64-cygwin\jdk8u191\11896\hotspot\src\share\vm\runtime\sharedRuntime.cpp, line 605]
Event: 41.166 Thread 0x0000000002af6000 Exception <a 'java/lang/ArrayIndexOutOfBoundsException'> (0x00000000ec65e308) thrown at [C:\re\workspace\8-2-build-windows-amd64-cygwin\jdk8u191\11896\hotspot\src\share\vm\runtime\sharedRuntime.cpp, line 605]
Event: 41.176 Thread 0x0000000002af6000 Exception <a 'java/lang/ArrayIndexOutOfBoundsException'> (0x00000000ec6a0528) thrown at [C:\re\workspace\8-2-build-windows-amd64-cygwin\jdk8u191\11896\hotspot\src\share\vm\runtime\sharedRuntime.cpp, line 605]
Event: 41.180 Thread 0x0000000002af6000 Exception <a 'java/lang/ArrayIndexOutOfBoundsException'> (0x00000000ec7055e8) thrown at [C:\re\workspace\8-2-build-windows-amd64-cygwin\jdk8u191\11896\hotspot\src\share\vm\runtime\sharedRuntime.cpp, line 605]
Event: 41.307 Thread 0x0000000002af6000 Exception <a 'java/lang/ArrayIndexOutOfBoundsException'> (0x00000000ec7c4e90) thrown at [C:\re\workspace\8-2-build-windows-amd64-cygwin\jdk8u191\11896\hotspot\src\share\vm\runtime\sharedRuntime.cpp, line 605]
Event: 41.307 Thread 0x0000000002af6000 Exception <a 'java/lang/ArrayIndexOutOfBoundsException'> (0x00000000ec7c6858) thrown at [C:\re\workspace\8-2-build-windows-amd64-cygwin\jdk8u191\11896\hotspot\src\share\vm\runtime\sharedRuntime.cpp, line 605]

Events (10 events):
Event: 53.434 loading class sun/nio/cs/ext/IBM943 done
Event: 53.435 loading class sun/nio/cs/ext/MS932
Event: 53.435 loading class sun/nio/cs/ext/MS932 done
Event: 53.436 loading class sun/nio/cs/ext/EUC_CN
Event: 53.436 loading class sun/nio/cs/ext/EUC_CN done
Event: 53.437 loading class sun/nio/cs/ext/EUC_JP
Event: 53.437 loading class sun/nio/cs/ext/EUC_JP done
Event: 53.437 loading class sun/nio/cs/ext/EUC_JP_Open
Event: 53.437 loading class sun/nio/cs/ext/EUC_JP_Open done
Event: 53.438 loading class sun/nio/cs/ext/GB18030


Dynamic libraries:
0x00007ff6e9d40000 - 0x00007ff6e9d77000 	C:\Program Files\Java\jre1.8.0_191\bin\javaw.exe
0x00007ffe19ce0000 - 0x00007ffe19e8d000 	C:\WINDOWS\SYSTEM32\ntdll.dll
0x00007ffe177e0000 - 0x00007ffe1791e000 	C:\WINDOWS\system32\KERNEL32.DLL
0x00007ffe17190000 - 0x00007ffe172a5000 	C:\WINDOWS\system32\KERNELBASE.dll
0x00007ffe159c0000 - 0x00007ffe15a4e000 	C:\WINDOWS\system32\apphelp.dll
0x00007ffe04c30000 - 0x00007ffe04c83000 	C:\WINDOWS\AppPatch\AppPatch64\AcGenral.DLL
0x00007ffe17560000 - 0x00007ffe1760a000 	C:\WINDOWS\system32\msvcrt.dll
0x00007ffe17110000 - 0x00007ffe1713e000 	C:\WINDOWS\system32\SspiCli.dll
0x00007ffe18300000 - 0x00007ffe18354000 	C:\WINDOWS\system32\SHLWAPI.dll
0x00007ffe19b60000 - 0x00007ffe19cd7000 	C:\WINDOWS\system32\USER32.dll
0x00007ffe18150000 - 0x00007ffe182e4000 	C:\WINDOWS\system32\ole32.dll
0x00007ffe183a0000 - 0x00007ffe198c9000 	C:\WINDOWS\system32\SHELL32.dll
0x00007ffe16440000 - 0x00007ffe16461000 	C:\WINDOWS\SYSTEM32\USERENV.dll
0x00007ffe180a0000 - 0x00007ffe1814a000 	C:\WINDOWS\system32\ADVAPI32.dll
0x00007ffe0e830000 - 0x00007ffe0e84e000 	C:\WINDOWS\SYSTEM32\MPR.dll
0x00007ffe198d0000 - 0x00007ffe19a10000 	C:\WINDOWS\system32\RPCRT4.dll
0x00007ffe17d30000 - 0x00007ffe17d89000 	C:\WINDOWS\SYSTEM32\sechost.dll
0x00007ffe17b10000 - 0x00007ffe17d22000 	C:\WINDOWS\SYSTEM32\combase.dll
0x00007ffe19a10000 - 0x00007ffe19b5b000 	C:\WINDOWS\system32\GDI32.dll
0x00007ffe16e00000 - 0x00007ffe16e15000 	C:\WINDOWS\SYSTEM32\profapi.dll
0x00007ffe15120000 - 0x00007ffe151d2000 	C:\WINDOWS\SYSTEM32\SHCORE.dll
0x00007ffe18360000 - 0x00007ffe18396000 	C:\WINDOWS\system32\IMM32.DLL
0x00007ffe17610000 - 0x00007ffe17762000 	C:\WINDOWS\system32\MSCTF.dll
0x00007ffe14cd0000 - 0x00007ffe14f4b000 	C:\WINDOWS\WinSxS\amd64_microsoft.windows.common-controls_6595b64144ccf1df_6.0.9600.18006_none_623f33d3ecbe86e8\COMCTL32.dll
0x0000000054210000 - 0x00000000542e2000 	C:\Program Files\Java\jre1.8.0_191\bin\msvcr100.dll
0x0000000054db0000 - 0x0000000055654000 	C:\Program Files\Java\jre1.8.0_191\bin\server\jvm.dll
0x00007ffe0e8b0000 - 0x00007ffe0e8b9000 	C:\WINDOWS\SYSTEM32\WSOCK32.dll
0x00007ffe11a60000 - 0x00007ffe11a82000 	C:\WINDOWS\SYSTEM32\WINMM.dll
0x00007ffe118c0000 - 0x00007ffe118ca000 	C:\WINDOWS\SYSTEM32\VERSION.dll
0x00007ffe17b00000 - 0x00007ffe17b07000 	C:\WINDOWS\system32\PSAPI.DLL
0x00007ffe17500000 - 0x00007ffe1755a000 	C:\WINDOWS\system32\WS2_32.dll
0x00007ffe11a10000 - 0x00007ffe11a3a000 	C:\WINDOWS\SYSTEM32\WINMMBASE.dll
0x00007ffe17360000 - 0x00007ffe17369000 	C:\WINDOWS\system32\NSI.dll
0x00007ffe17140000 - 0x00007ffe1718f000 	C:\WINDOWS\SYSTEM32\cfgmgr32.dll
0x00007ffe15c10000 - 0x00007ffe15c38000 	C:\WINDOWS\SYSTEM32\DEVOBJ.dll
0x0000000055bf0000 - 0x0000000055bff000 	C:\Program Files\Java\jre1.8.0_191\bin\verify.dll
0x0000000054d80000 - 0x0000000054da9000 	C:\Program Files\Java\jre1.8.0_191\bin\java.dll
0x0000000055bd0000 - 0x0000000055be6000 	C:\Program Files\Java\jre1.8.0_191\bin\zip.dll
0x0000000054340000 - 0x000000005434d000 	C:\Program Files\Java\jre1.8.0_191\bin\management.dll
0x0000000054d60000 - 0x0000000054d7a000 	C:\Program Files\Java\jre1.8.0_191\bin\net.dll
0x00007ffe16700000 - 0x00007ffe16759000 	C:\WINDOWS\system32\mswsock.dll
0x0000000054d40000 - 0x0000000054d51000 	C:\Program Files\Java\jre1.8.0_191\bin\nio.dll
0x00007ffe0ed20000 - 0x00007ffe0ed35000 	C:\WINDOWS\system32\napinsp.dll
0x00007ffe0ed00000 - 0x00007ffe0ed1a000 	C:\WINDOWS\system32\pnrpnsp.dll
0x00007ffe12210000 - 0x00007ffe1222b000 	C:\WINDOWS\system32\NLAapi.dll
0x00007ffe16500000 - 0x00007ffe165a4000 	C:\WINDOWS\SYSTEM32\DNSAPI.dll
0x00007ffe0ecf0000 - 0x00007ffe0ecfd000 	C:\WINDOWS\System32\winrnr.dll
0x00000000560b0000 - 0x00000000560d6000 	C:\Program Files\Bonjour\mdnsNSP.dll
0x00007ffe15800000 - 0x00007ffe1582a000 	C:\WINDOWS\SYSTEM32\Iphlpapi.DLL
0x00007ffe15520000 - 0x00007ffe1552a000 	C:\WINDOWS\SYSTEM32\WINNSI.DLL
0x00007ffe0ecd0000 - 0x00007ffe0ece4000 	C:\WINDOWS\system32\wshbth.dll
0x00007ffe0ecc0000 - 0x00007ffe0ecca000 	C:\Windows\System32\rasadhlp.dll
0x00007ffe11450000 - 0x00007ffe114bb000 	C:\WINDOWS\System32\fwpuclnt.dll
0x00007ffe16760000 - 0x00007ffe16780000 	C:\WINDOWS\SYSTEM32\CRYPTSP.dll
0x00007ffe16330000 - 0x00007ffe16366000 	C:\WINDOWS\system32\rsaenh.dll
0x00007ffe169b0000 - 0x00007ffe169d6000 	C:\WINDOWS\SYSTEM32\bcrypt.dll
0x00007ffe16cd0000 - 0x00007ffe16d33000 	C:\WINDOWS\system32\bcryptprimitives.dll
0x00007ffe16d40000 - 0x00007ffe16d4b000 	C:\WINDOWS\SYSTEM32\CRYPTBASE.dll
0x00007ffe116c0000 - 0x00007ffe116d6000 	C:\WINDOWS\SYSTEM32\dhcpcsvc6.DLL
0x00007ffe116a0000 - 0x00007ffe116ba000 	C:\WINDOWS\SYSTEM32\dhcpcsvc.DLL

VM Arguments:
jvm_args: -Dcom.sun.management.jmxremote -Dcom.sun.management.jmxremote.port=52697 -Dcom.sun.management.jmxremote.authenticate=false -Dcom.sun.management.jmxremote.ssl=false -Djava.rmi.server.hostname=localhost -Dspring.jmx.enabled=true -Dspring.application.admin.enabled=true -Xverify:none -XX:TieredStopAtLevel=1 -Dfile.encoding=UTF-8 
java_command: Io.moviesgroupe.movieinfoservice.MovieInfoServiceApplication --spring.output.ansi.enabled=always
java_class_path (initial): G:\SpringBoot\movie-info-service\target\classes;C:\Users\VIKAS SINGH\.m2\repository\org\springframework\boot\spring-boot-starter-data-jpa\2.1.5.RELEASE\spring-boot-starter-data-jpa-2.1.5.RELEASE.jar;C:\Users\VIKAS SINGH\.m2\repository\org\springframework\boot\spring-boot-starter-aop\2.1.5.RELEASE\spring-boot-starter-aop-2.1.5.RELEASE.jar;C:\Users\VIKAS SINGH\.m2\repository\org\springframework\spring-aop\5.1.7.RELEASE\spring-aop-5.1.7.RELEASE.jar;C:\Users\VIKAS SINGH\.m2\repository\org\aspectj\aspectjweaver\1.9.4\aspectjweaver-1.9.4.jar;C:\Users\VIKAS SINGH\.m2\repository\org\springframework\boot\spring-boot-starter-jdbc\2.1.5.RELEASE\spring-boot-starter-jdbc-2.1.5.RELEASE.jar;C:\Users\VIKAS SINGH\.m2\repository\com\zaxxer\HikariCP\3.2.0\HikariCP-3.2.0.jar;C:\Users\VIKAS SINGH\.m2\repository\org\springframework\spring-jdbc\5.1.7.RELEASE\spring-jdbc-5.1.7.RELEASE.jar;C:\Users\VIKAS SINGH\.m2\repository\javax\transaction\javax.transaction-api\1.3\javax.transaction-api-1.3.jar;C:\Users\VIKAS SINGH\.m2\repository\javax\xml\bind\jaxb-api\2.3.1\jaxb-api-2.3.1.jar;C:\Users\VIKAS SINGH\.m2\repository\javax\activation\javax.activation-api\1.2.0\javax.activation-api-1.2.0.jar;C:\Users\VIKAS SINGH\.m2\repository\org\hibernate\hibernate-core\5.3.10.Final\hibernate-core-5.3.10.Final.jar;C:\Users\VIKAS SINGH\.m2\repository\org\jboss\logging\jboss-logging\3.3.2.Final\jboss-logging-3.3.2.Final.jar;C:\Users\VIKAS SINGH\.m2\repository\javax\persistence\javax.persistence-api\2.2\javax.persistence-api-2.2.jar;C:\Users\VIKAS SINGH\.m2\repository\org\javassist\javassist\3.23.2-GA\javassist-3.23.2-GA.jar;C:\Users\VIKAS SINGH\.m2\repository\net\bytebuddy\byte-buddy\1.9.12\byte-buddy-1.9.12.jar;C:\Users\VIKAS SINGH\.m2\repository\antlr\antlr\2.7.7\antlr-2.7.7.jar;C:\Users\VIKAS SINGH\.m2\repository\org\jboss\jandex\2.0.5.Final\jandex-2.0.5.Final.jar;C:\Users\VIKAS SINGH\.m2\repository\com\fasterxml\classmate\1.4.0\classmate-1.4.0.jar;C:\Users\VIKAS SINGH\.m2\repo
Launcher Type: SUN_STANDARD

Environment Variables:
JAVA_HOME=C:\Program Files\Java\jdk1.8.0_191\bin;
PATH=C:/Program Files/Java/jre1.8.0_191/bin/server;C:/Program Files/Java/jre1.8.0_191/bin;C:/Program Files/Java/jre1.8.0_191/lib/amd64;C:\Program Files\Python37\Scripts\;C:\Program Files\Python37\;C:\oraclexe\app\oracle\product\11.2.0\server\bin;;C:\ProgramData\Oracle\Java\javapath;C:\Program Files\MongoDB\Server\3.4\bin;H:\nodejs\;C:\java\jdk1.8.0_171\bin;C:\Python27;C:\hadoop-2.7.6\bin;C:\Program Files\Microsoft VS Code\bin;C:\Program Files\dotnet\;C:\Program Files\Microsoft SQL Server\130\Tools\Binn\;C:\Python27\Scripts;C:\Program Files\Git\cmd;C:\Users\VIKAS SINGH\AppData\Roaming\npm\node_modules\@angular\cli\bin;C:\Windows\System32;C:\Users\VIKAS SINGH\AppData\Local\Programs\Python\Python37-32\Scripts\;C:\Users\VIKAS SINGH\AppData\Local\Programs\Python\Python37-32\;C:\Program Files\Microsoft VS Code\bin;C:\Program Files (x86)\scala\bin;C:\hadoop-2.7.6\bin;C:\hadoop-2.7.6\sbin;;C:\Program Files\Docker Toolbox;C:\Program Files\Git\bin;C:\Program Files\Java\jdk1.8.0_191\bin;C:\Users\VIKAS SINGH\AppData\Roaming\npm\node_modules\@angular\cli\bin\;;G:\spring-tool-suite-4-4.2.2.RELEASE-e4.11.0-win32.win32.x86_64\sts-4.2.2.RELEASE;
USERNAME=VIKAS SINGH
OS=Windows_NT
PROCESSOR_IDENTIFIER=Intel64 Family 6 Model 69 Stepping 1, GenuineIntel



---------------  S Y S T E M  ---------------

OS: Windows 8.1 , 64 bit Build 9600 (6.3.9600.17415)

CPU:total 4 (initial active 4) (2 cores per cpu, 2 threads per core) family 6 model 69 stepping 1, cmov, cx8, fxsr, mmx, sse, sse2, sse3, ssse3, sse4.1, sse4.2, popcnt, avx, avx2, aes, clmul, erms, lzcnt, ht, tsc, tscinvbit, bmi1, bmi2

Memory: 4k page, physical 4122776k(200184k free), swap 7268504k(1756k free)

vm_info: Java HotSpot(TM) 64-Bit Server VM (25.191-b12) for windows-amd64 JRE (1.8.0_191-b12), built on Oct  6 2018 09:29:03 by "java_re" with MS VC++ 10.0 (VS2010)

time: Tue Jun 18 00:54:44 2019
elapsed time: 55 seconds (0d 0h 0m 55s)

